::1 - - [08/Apr/2021:14:21:51 +0000] "GET /api/v1/restaurants HTTP/1.1" 200 188 "-" "PostmanRuntime/7.26.8"
::1 - - [08/Apr/2021:14:39:55 +0000] "GET /api/v1/restaurants/1 HTTP/1.1" 200 107 "-" "PostmanRuntime/7.26.8"
::1 - - [08/Apr/2021:14:40:13 +0000] "GET /api/v1/restaurants/2 HTTP/1.1" - - "-" "PostmanRuntime/7.26.8"
::1 - - [08/Apr/2021:14:41:11 +0000] "GET /api/v1/restaurants/2 HTTP/1.1" 200 112 "-" "PostmanRuntime/7.26.8"
::1 - - [08/Apr/2021:15:16:26 +0000] "POST /api/v1/restaurants HTTP/1.1" - - "-" "PostmanRuntime/7.26.8"
::1 - - [08/Apr/2021:15:17:35 +0000] "POST /api/v1/restaurants HTTP/1.1" - - "-" "PostmanRuntime/7.26.8"
::1 - - [08/Apr/2021:15:18:55 +0000] "POST /api/v1/restaurants HTTP/1.1" - - "-" "PostmanRuntime/7.26.8"
::1 - - [08/Apr/2021:15:34:49 +0000] "GET /api/v1/restaurants HTTP/1.1" 200 254 "-" "PostmanRuntime/7.26.8"
::1 - - [08/Apr/2021:15:36:29 +0000] "PUT /api/v1/restaurants/3 HTTP/1.1" - - "-" "PostmanRuntime/7.26.8"
::1 - - [08/Apr/2021:15:43:45 +0000] "PUT /api/v1/restaurants/3 HTTP/1.1" - - "-" "PostmanRuntime/7.26.8"
::1 - - [08/Apr/2021:15:45:41 +0000] "PUT /api/v1/restaurants/3 HTTP/1.1" 200 27 "-" "PostmanRuntime/7.26.8"
::1 - - [08/Apr/2021:15:46:12 +0000] "GET /api/v1/restaurants HTTP/1.1" - - "-" "PostmanRuntime/7.26.8"
::1 - - [08/Apr/2021:15:47:09 +0000] "GET /api/v1/restaurants HTTP/1.1" 200 252 "-" "PostmanRuntime/7.26.8"
::1 - - [08/Apr/2021:16:13:42 +0000] "DELETE /api/v1/restaurants/3 HTTP/1.1" 200 30 "-" "PostmanRuntime/7.26.8"
::1 - - [08/Apr/2021:16:14:30 +0000] "GET /api/v1/restaurants HTTP/1.1" - - "-" "PostmanRuntime/7.26.8"
::1 - - [08/Apr/2021:16:17:15 +0000] "GET /api/v1/restaurants HTTP/1.1" 200 188 "-" "PostmanRuntime/7.26.8"
::1 - - [08/Apr/2021:16:17:34 +0000] "GET /api/v1/restaurants/1 HTTP/1.1" - - "-" "PostmanRuntime/7.26.8"
::1 - - [08/Apr/2021:16:19:26 +0000] "GET /api/v1/restaurants HTTP/1.1" 200 188 "-" "PostmanRuntime/7.26.8"
::1 - - [08/Apr/2021:16:19:36 +0000] "GET /api/v1/restaurants/1 HTTP/1.1" - - "-" "PostmanRuntime/7.26.8"
::1 - - [08/Apr/2021:16:22:55 +0000] "GET /api/v1/restaurants/1 HTTP/1.1" 200 107 "-" "PostmanRuntime/7.26.8"
::1 - - [08/Apr/2021:16:23:10 +0000] "GET /api/v1/restaurants/2 HTTP/1.1" - - "-" "PostmanRuntime/7.26.8"
::1 - - [08/Apr/2021:16:28:40 +0000] "POST /api/v1/restaurants HTTP/1.1" - - "-" "PostmanRuntime/7.26.8"
::1 - - [08/Apr/2021:16:29:59 +0000] "POST /api/v1/restaurants HTTP/1.1" 200 30 "-" "PostmanRuntime/7.26.8"
::1 - - [08/Apr/2021:17:02:50 +0000] "GET /api/v1/restaurants/1 HTTP/1.1" - - "-" "PostmanRuntime/7.26.8"
::1 - - [08/Apr/2021:17:03:35 +0000] "GET /api/v1/restaurants/1 HTTP/1.1" 200 211 "-" "PostmanRuntime/7.26.8"
::1 - - [08/Apr/2021:17:46:00 +0000] "POST /api/v1/restaurants HTTP/1.1" 200 31 "-" "PostmanRuntime/7.26.8"
::1 - - [08/Apr/2021:17:49:38 +0000] "POST /api/v1/restaurants HTTP/1.1" 200 31 "-" "PostmanRuntime/7.26.8"
::1 - - [08/Apr/2021:17:57:30 +0000] "POST /api/v1/restaurants HTTP/1.1" - - "-" "PostmanRuntime/7.26.8"
::1 - - [08/Apr/2021:18:00:04 +0000] "POST /api/v1/restaurants HTTP/1.1" 200 106 "-" "PostmanRuntime/7.26.8"
::1 - - [08/Apr/2021:18:07:40 +0000] "GET /api/v1/restaurants HTTP/1.1" 200 512 "-" "PostmanRuntime/7.26.8"
::1 - - [08/Apr/2021:18:09:25 +0000] "PUT /api/v1/restaurants/8 HTTP/1.1" - - "-" "PostmanRuntime/7.26.8"
::1 - - [08/Apr/2021:18:10:56 +0000] "PUT /api/v1/restaurants/8 HTTP/1.1" - - "-" "PostmanRuntime/7.26.8"
::1 - - [08/Apr/2021:18:12:14 +0000] "PUT /api/v1/restaurants/8 HTTP/1.1" 200 107 "-" "PostmanRuntime/7.26.8"
::1 - - [08/Apr/2021:18:36:07 +0000] "POST /api/v1/restaurants/8/addReview HTTP/1.1" 200 132 "-" "PostmanRuntime/7.26.8"
::1 - - [08/Apr/2021:18:38:43 +0000] "POST /api/v1/restaurants/3/addReview HTTP/1.1" 200 127 "-" "PostmanRuntime/7.26.8"
::1 - - [08/Apr/2021:18:42:40 +0000] "GET /api/v1/restaurants/ HTTP/1.1" 200 513 "http://localhost:3000/" "Mozilla/5.0 (X11; Linux x86_64) AppleWebKit/537.36 (KHTML, like Gecko) Chrome/89.0.4389.114 Safari/537.36"
::1 - - [08/Apr/2021:18:43:28 +0000] "GET /api/v1/restaurants/ HTTP/1.1" - - "http://localhost:3000/" "Mozilla/5.0 (X11; Linux x86_64) AppleWebKit/537.36 (KHTML, like Gecko) Chrome/89.0.4389.114 Safari/537.36"
::1 - - [08/Apr/2021:18:43:28 +0000] "GET /api/v1/restaurants/1 HTTP/1.1" - - "http://localhost:3000/" "Mozilla/5.0 (X11; Linux x86_64) AppleWebKit/537.36 (KHTML, like Gecko) Chrome/89.0.4389.114 Safari/537.36"
::1 - - [08/Apr/2021:18:43:28 +0000] "GET /api/v1/restaurants/ HTTP/1.1" - - "http://localhost:3000/" "Mozilla/5.0 (X11; Linux x86_64) AppleWebKit/537.36 (KHTML, like Gecko) Chrome/89.0.4389.114 Safari/537.36"
::1 - - [08/Apr/2021:18:43:28 +0000] "DELETE /api/v1/restaurants/8 HTTP/1.1" - - "http://localhost:3000/" "Mozilla/5.0 (X11; Linux x86_64) AppleWebKit/537.36 (KHTML, like Gecko) Chrome/89.0.4389.114 Safari/537.36"
::1 - - [08/Apr/2021:18:43:30 +0000] "GET /api/v1/restaurants/ HTTP/1.1" - - "http://localhost:3000/" "Mozilla/5.0 (X11; Linux x86_64) AppleWebKit/537.36 (KHTML, like Gecko) Chrome/89.0.4389.114 Safari/537.36"
::1 - - [08/Apr/2021:18:43:31 +0000] "GET /api/v1/restaurants/ HTTP/1.1" - - "http://localhost:3000/" "Mozilla/5.0 (X11; Linux x86_64) AppleWebKit/537.36 (KHTML, like Gecko) Chrome/89.0.4389.114 Safari/537.36"
::1 - - [08/Apr/2021:18:43:53 +0000] "GET /api/v1/restaurants/ HTTP/1.1" - - "http://localhost:3000/" "Mozilla/5.0 (X11; Linux x86_64) AppleWebKit/537.36 (KHTML, like Gecko) Chrome/89.0.4389.114 Safari/537.36"
::1 - - [08/Apr/2021:18:43:55 +0000] "GET /api/v1/restaurants/ HTTP/1.1" - - "http://localhost:3000/" "Mozilla/5.0 (X11; Linux x86_64) AppleWebKit/537.36 (KHTML, like Gecko) Chrome/89.0.4389.114 Safari/537.36"
::1 - - [08/Apr/2021:18:44:29 +0000] "GET /api/v1/restaurants/ HTTP/1.1" - - "http://localhost:3000/" "Mozilla/5.0 (X11; Linux x86_64) AppleWebKit/537.36 (KHTML, like Gecko) Chrome/89.0.4389.114 Safari/537.36"
::1 - - [08/Apr/2021:18:45:13 +0000] "GET /api/v1/restaurants/ HTTP/1.1" - - "http://localhost:3000/" "Mozilla/5.0 (X11; Linux x86_64) AppleWebKit/537.36 (KHTML, like Gecko) Chrome/89.0.4389.114 Safari/537.36"
::1 - - [08/Apr/2021:18:45:47 +0000] "GET /api/v1/restaurants/ HTTP/1.1" - - "http://localhost:3000/" "Mozilla/5.0 (X11; Linux x86_64) AppleWebKit/537.36 (KHTML, like Gecko) Chrome/89.0.4389.114 Safari/537.36"
::1 - - [08/Apr/2021:20:56:39 +0000] "GET /api/v1/restaurants/ HTTP/1.1" 200 513 "http://localhost:3000/" "Mozilla/5.0 (X11; Linux x86_64) AppleWebKit/537.36 (KHTML, like Gecko) Chrome/89.0.4389.114 Safari/537.36"
::1 - - [08/Apr/2021:20:57:10 +0000] "DELETE /api/v1/restaurants/8 HTTP/1.1" - - "http://localhost:3000/" "Mozilla/5.0 (X11; Linux x86_64) AppleWebKit/537.36 (KHTML, like Gecko) Chrome/89.0.4389.114 Safari/537.36"
::1 - - [08/Apr/2021:20:57:15 +0000] "GET /api/v1/restaurants/ HTTP/1.1" - - "http://localhost:3000/" "Mozilla/5.0 (X11; Linux x86_64) AppleWebKit/537.36 (KHTML, like Gecko) Chrome/89.0.4389.114 Safari/537.36"
::1 - - [08/Apr/2021:20:57:15 +0000] "GET /api/v1/restaurants/ HTTP/1.1" - - "http://localhost:3000/" "Mozilla/5.0 (X11; Linux x86_64) AppleWebKit/537.36 (KHTML, like Gecko) Chrome/89.0.4389.114 Safari/537.36"
::1 - - [08/Apr/2021:20:57:16 +0000] "GET /api/v1/restaurants/ HTTP/1.1" - - "http://localhost:3000/" "Mozilla/5.0 (X11; Linux x86_64) AppleWebKit/537.36 (KHTML, like Gecko) Chrome/89.0.4389.114 Safari/537.36"
::1 - - [08/Apr/2021:20:57:17 +0000] "GET /api/v1/restaurants/ HTTP/1.1" - - "http://localhost:3000/" "Mozilla/5.0 (X11; Linux x86_64) AppleWebKit/537.36 (KHTML, like Gecko) Chrome/89.0.4389.114 Safari/537.36"
::1 - - [08/Apr/2021:20:57:17 +0000] "GET /api/v1/restaurants/ HTTP/1.1" - - "http://localhost:3000/" "Mozilla/5.0 (X11; Linux x86_64) AppleWebKit/537.36 (KHTML, like Gecko) Chrome/89.0.4389.114 Safari/537.36"
::1 - - [08/Apr/2021:20:57:17 +0000] "GET /api/v1/restaurants/ HTTP/1.1" - - "http://localhost:3000/" "Mozilla/5.0 (X11; Linux x86_64) AppleWebKit/537.36 (KHTML, like Gecko) Chrome/89.0.4389.114 Safari/537.36"
::1 - - [08/Apr/2021:20:59:43 +0000] "GET /api/v1/restaurants/ HTTP/1.1" 200 513 "http://localhost:3000/" "Mozilla/5.0 (X11; Linux x86_64) AppleWebKit/537.36 (KHTML, like Gecko) Chrome/89.0.4389.114 Safari/537.36"
::1 - - [08/Apr/2021:20:59:52 +0000] "GET /api/v1/restaurants/1 HTTP/1.1" 200 211 "http://localhost:3000/" "Mozilla/5.0 (X11; Linux x86_64) AppleWebKit/537.36 (KHTML, like Gecko) Chrome/89.0.4389.114 Safari/537.36"
::1 - - [08/Apr/2021:20:59:55 +0000] "GET /api/v1/restaurants/ HTTP/1.1" 304 - "http://localhost:3000/" "Mozilla/5.0 (X11; Linux x86_64) AppleWebKit/537.36 (KHTML, like Gecko) Chrome/89.0.4389.114 Safari/537.36"
::1 - - [08/Apr/2021:20:59:58 +0000] "GET /api/v1/restaurants/1 HTTP/1.1" 304 - "http://localhost:3000/" "Mozilla/5.0 (X11; Linux x86_64) AppleWebKit/537.36 (KHTML, like Gecko) Chrome/89.0.4389.114 Safari/537.36"
::1 - - [08/Apr/2021:21:00:00 +0000] "GET /api/v1/restaurants/ HTTP/1.1" 304 - "http://localhost:3000/" "Mozilla/5.0 (X11; Linux x86_64) AppleWebKit/537.36 (KHTML, like Gecko) Chrome/89.0.4389.114 Safari/537.36"
::1 - - [08/Apr/2021:21:00:02 +0000] "DELETE /api/v1/restaurants/8 HTTP/1.1" 200 30 "http://localhost:3000/" "Mozilla/5.0 (X11; Linux x86_64) AppleWebKit/537.36 (KHTML, like Gecko) Chrome/89.0.4389.114 Safari/537.36"
::1 - - [08/Apr/2021:21:00:05 +0000] "GET /api/v1/restaurants/ HTTP/1.1" 200 449 "http://localhost:3000/" "Mozilla/5.0 (X11; Linux x86_64) AppleWebKit/537.36 (KHTML, like Gecko) Chrome/89.0.4389.114 Safari/537.36"
::1 - - [08/Apr/2021:21:13:04 +0000] "GET /api/v1/restaurants/ HTTP/1.1" 304 - "http://localhost:3000/" "Mozilla/5.0 (X11; Linux x86_64) AppleWebKit/537.36 (KHTML, like Gecko) Chrome/89.0.4389.114 Safari/537.36"
::1 - - [08/Apr/2021:21:14:28 +0000] "GET /api/v1/restaurants/1 HTTP/1.1" 304 - "http://localhost:3000/" "Mozilla/5.0 (X11; Linux x86_64) AppleWebKit/537.36 (KHTML, like Gecko) Chrome/89.0.4389.114 Safari/537.36"
::1 - - [08/Apr/2021:21:14:30 +0000] "GET /api/v1/restaurants/ HTTP/1.1" 304 - "http://localhost:3000/" "Mozilla/5.0 (X11; Linux x86_64) AppleWebKit/537.36 (KHTML, like Gecko) Chrome/89.0.4389.114 Safari/537.36"
::1 - - [08/Apr/2021:21:14:56 +0000] "POST /api/v1/restaurants/ HTTP/1.1" 200 106 "http://localhost:3000/" "Mozilla/5.0 (X11; Linux x86_64) AppleWebKit/537.36 (KHTML, like Gecko) Chrome/89.0.4389.114 Safari/537.36"
::1 - - [08/Apr/2021:21:16:00 +0000] "GET /api/v1/restaurants/ HTTP/1.1" 200 512 "http://localhost:3000/" "Mozilla/5.0 (X11; Linux x86_64) AppleWebKit/537.36 (KHTML, like Gecko) Chrome/89.0.4389.114 Safari/537.36"
::1 - - [08/Apr/2021:21:16:18 +0000] "POST /api/v1/restaurants/ HTTP/1.1" 200 171 "http://localhost:3000/" "Mozilla/5.0 (X11; Linux x86_64) AppleWebKit/537.36 (KHTML, like Gecko) Chrome/89.0.4389.114 Safari/537.36"
::1 - - [08/Apr/2021:21:19:25 +0000] "GET /api/v1/restaurants/ HTTP/1.1" 200 576 "http://localhost:3000/" "Mozilla/5.0 (X11; Linux x86_64) AppleWebKit/537.36 (KHTML, like Gecko) Chrome/89.0.4389.114 Safari/537.36"
::1 - - [08/Apr/2021:21:19:31 +0000] "DELETE /api/v1/restaurants/10 HTTP/1.1" 200 30 "http://localhost:3000/" "Mozilla/5.0 (X11; Linux x86_64) AppleWebKit/537.36 (KHTML, like Gecko) Chrome/89.0.4389.114 Safari/537.36"
::1 - - [08/Apr/2021:21:20:08 +0000] "POST /api/v1/restaurants/ HTTP/1.1" 200 109 "http://localhost:3000/" "Mozilla/5.0 (X11; Linux x86_64) AppleWebKit/537.36 (KHTML, like Gecko) Chrome/89.0.4389.114 Safari/537.36"
::1 - - [08/Apr/2021:21:20:25 +0000] "DELETE /api/v1/restaurants/11 HTTP/1.1" 200 30 "http://localhost:3000/" "Mozilla/5.0 (X11; Linux x86_64) AppleWebKit/537.36 (KHTML, like Gecko) Chrome/89.0.4389.114 Safari/537.36"
::1 - - [08/Apr/2021:21:20:27 +0000] "GET /api/v1/restaurants/9 HTTP/1.1" 200 120 "http://localhost:3000/" "Mozilla/5.0 (X11; Linux x86_64) AppleWebKit/537.36 (KHTML, like Gecko) Chrome/89.0.4389.114 Safari/537.36"
::1 - - [08/Apr/2021:21:22:39 +0000] "GET /api/v1/restaurants/9 HTTP/1.1" 304 - "http://localhost:3000/" "Mozilla/5.0 (X11; Linux x86_64) AppleWebKit/537.36 (KHTML, like Gecko) Chrome/89.0.4389.114 Safari/537.36"
::1 - - [08/Apr/2021:21:22:45 +0000] "GET /api/v1/restaurants/9 HTTP/1.1" 304 - "http://localhost:3000/" "Mozilla/5.0 (X11; Linux x86_64) AppleWebKit/537.36 (KHTML, like Gecko) Chrome/89.0.4389.114 Safari/537.36"
::1 - - [08/Apr/2021:21:22:46 +0000] "GET /api/v1/restaurants/ HTTP/1.1" 200 512 "http://localhost:3000/" "Mozilla/5.0 (X11; Linux x86_64) AppleWebKit/537.36 (KHTML, like Gecko) Chrome/89.0.4389.114 Safari/537.36"
::1 - - [08/Apr/2021:21:22:48 +0000] "GET /api/v1/restaurants/4 HTTP/1.1" 200 123 "http://localhost:3000/" "Mozilla/5.0 (X11; Linux x86_64) AppleWebKit/537.36 (KHTML, like Gecko) Chrome/89.0.4389.114 Safari/537.36"
::1 - - [08/Apr/2021:21:22:52 +0000] "GET /api/v1/restaurants/ HTTP/1.1" 304 - "http://localhost:3000/" "Mozilla/5.0 (X11; Linux x86_64) AppleWebKit/537.36 (KHTML, like Gecko) Chrome/89.0.4389.114 Safari/537.36"
::1 - - [08/Apr/2021:21:22:54 +0000] "GET /api/v1/restaurants/4 HTTP/1.1" 304 - "http://localhost:3000/" "Mozilla/5.0 (X11; Linux x86_64) AppleWebKit/537.36 (KHTML, like Gecko) Chrome/89.0.4389.114 Safari/537.36"
::1 - - [08/Apr/2021:21:22:57 +0000] "GET /api/v1/restaurants/ HTTP/1.1" 304 - "http://localhost:3000/" "Mozilla/5.0 (X11; Linux x86_64) AppleWebKit/537.36 (KHTML, like Gecko) Chrome/89.0.4389.114 Safari/537.36"
::1 - - [08/Apr/2021:21:23:01 +0000] "GET /api/v1/restaurants/2 HTTP/1.1" 200 207 "http://localhost:3000/" "Mozilla/5.0 (X11; Linux x86_64) AppleWebKit/537.36 (KHTML, like Gecko) Chrome/89.0.4389.114 Safari/537.36"
::1 - - [08/Apr/2021:21:23:03 +0000] "GET /api/v1/restaurants/ HTTP/1.1" 304 - "http://localhost:3000/" "Mozilla/5.0 (X11; Linux x86_64) AppleWebKit/537.36 (KHTML, like Gecko) Chrome/89.0.4389.114 Safari/537.36"
::1 - - [08/Apr/2021:21:23:05 +0000] "GET /api/v1/restaurants/5 HTTP/1.1" 200 119 "http://localhost:3000/" "Mozilla/5.0 (X11; Linux x86_64) AppleWebKit/537.36 (KHTML, like Gecko) Chrome/89.0.4389.114 Safari/537.36"
::1 - - [08/Apr/2021:21:23:37 +0000] "POST /api/v1/restaurants/5/addReview HTTP/1.1" 200 147 "http://localhost:3000/" "Mozilla/5.0 (X11; Linux x86_64) AppleWebKit/537.36 (KHTML, like Gecko) Chrome/89.0.4389.114 Safari/537.36"
::1 - - [08/Apr/2021:21:23:37 +0000] "GET /api/v1/restaurants/ HTTP/1.1" 304 - "http://localhost:3000/" "Mozilla/5.0 (X11; Linux x86_64) AppleWebKit/537.36 (KHTML, like Gecko) Chrome/89.0.4389.114 Safari/537.36"
::1 - - [08/Apr/2021:21:23:37 +0000] "GET /api/v1/restaurants/5 HTTP/1.1" 200 225 "http://localhost:3000/" "Mozilla/5.0 (X11; Linux x86_64) AppleWebKit/537.36 (KHTML, like Gecko) Chrome/89.0.4389.114 Safari/537.36"
::1 - - [08/Apr/2021:21:24:13 +0000] "GET /api/v1/restaurants/ HTTP/1.1" 304 - "http://localhost:3000/" "Mozilla/5.0 (X11; Linux x86_64) AppleWebKit/537.36 (KHTML, like Gecko) Chrome/89.0.4389.114 Safari/537.36"
::1 - - [08/Apr/2021:21:24:14 +0000] "GET /api/v1/restaurants/5 HTTP/1.1" 304 - "http://localhost:3000/" "Mozilla/5.0 (X11; Linux x86_64) AppleWebKit/537.36 (KHTML, like Gecko) Chrome/89.0.4389.114 Safari/537.36"
::1 - - [08/Apr/2021:21:24:19 +0000] "GET /api/v1/restaurants/ HTTP/1.1" 304 - "http://localhost:3000/" "Mozilla/5.0 (X11; Linux x86_64) AppleWebKit/537.36 (KHTML, like Gecko) Chrome/89.0.4389.114 Safari/537.36"
::1 - - [08/Apr/2021:21:24:20 +0000] "GET /api/v1/restaurants/7 HTTP/1.1" 200 123 "http://localhost:3000/" "Mozilla/5.0 (X11; Linux x86_64) AppleWebKit/537.36 (KHTML, like Gecko) Chrome/89.0.4389.114 Safari/537.36"
::1 - - [08/Apr/2021:21:24:53 +0000] "POST /api/v1/restaurants/7/addReview HTTP/1.1" 200 134 "http://localhost:3000/" "Mozilla/5.0 (X11; Linux x86_64) AppleWebKit/537.36 (KHTML, like Gecko) Chrome/89.0.4389.114 Safari/537.36"
::1 - - [08/Apr/2021:21:24:54 +0000] "GET /api/v1/restaurants/ HTTP/1.1" 304 - "http://localhost:3000/" "Mozilla/5.0 (X11; Linux x86_64) AppleWebKit/537.36 (KHTML, like Gecko) Chrome/89.0.4389.114 Safari/537.36"
::1 - - [08/Apr/2021:21:24:54 +0000] "GET /api/v1/restaurants/7 HTTP/1.1" 200 216 "http://localhost:3000/" "Mozilla/5.0 (X11; Linux x86_64) AppleWebKit/537.36 (KHTML, like Gecko) Chrome/89.0.4389.114 Safari/537.36"
::1 - - [08/Apr/2021:21:24:56 +0000] "GET /api/v1/restaurants/ HTTP/1.1" 304 - "http://localhost:3000/" "Mozilla/5.0 (X11; Linux x86_64) AppleWebKit/537.36 (KHTML, like Gecko) Chrome/89.0.4389.114 Safari/537.36"
::1 - - [08/Apr/2021:21:25:11 +0000] "GET /api/v1/restaurants/4 HTTP/1.1" 304 - "http://localhost:3000/" "Mozilla/5.0 (X11; Linux x86_64) AppleWebKit/537.36 (KHTML, like Gecko) Chrome/89.0.4389.114 Safari/537.36"
::1 - - [08/Apr/2021:21:25:14 +0000] "GET /api/v1/restaurants/ HTTP/1.1" 304 - "http://localhost:3000/" "Mozilla/5.0 (X11; Linux x86_64) AppleWebKit/537.36 (KHTML, like Gecko) Chrome/89.0.4389.114 Safari/537.36"
::1 - - [08/Apr/2021:21:25:15 +0000] "GET /api/v1/restaurants/2 HTTP/1.1" 304 - "http://localhost:3000/" "Mozilla/5.0 (X11; Linux x86_64) AppleWebKit/537.36 (KHTML, like Gecko) Chrome/89.0.4389.114 Safari/537.36"
::1 - - [08/Apr/2021:21:25:17 +0000] "GET /api/v1/restaurants/ HTTP/1.1" 304 - "http://localhost:3000/" "Mozilla/5.0 (X11; Linux x86_64) AppleWebKit/537.36 (KHTML, like Gecko) Chrome/89.0.4389.114 Safari/537.36"
::1 - - [08/Apr/2021:21:25:18 +0000] "GET /api/v1/restaurants/7 HTTP/1.1" 304 - "http://localhost:3000/" "Mozilla/5.0 (X11; Linux x86_64) AppleWebKit/537.36 (KHTML, like Gecko) Chrome/89.0.4389.114 Safari/537.36"
::1 - - [08/Apr/2021:21:25:20 +0000] "GET /api/v1/restaurants/ HTTP/1.1" 304 - "http://localhost:3000/" "Mozilla/5.0 (X11; Linux x86_64) AppleWebKit/537.36 (KHTML, like Gecko) Chrome/89.0.4389.114 Safari/537.36"
::1 - - [08/Apr/2021:21:25:22 +0000] "GET /api/v1/restaurants/9 HTTP/1.1" 304 - "http://localhost:3000/" "Mozilla/5.0 (X11; Linux x86_64) AppleWebKit/537.36 (KHTML, like Gecko) Chrome/89.0.4389.114 Safari/537.36"
::1 - - [08/Apr/2021:21:25:25 +0000] "GET /api/v1/restaurants/ HTTP/1.1" 304 - "http://localhost:3000/" "Mozilla/5.0 (X11; Linux x86_64) AppleWebKit/537.36 (KHTML, like Gecko) Chrome/89.0.4389.114 Safari/537.36"
::1 - - [08/Apr/2021:21:25:26 +0000] "GET /api/v1/restaurants/1 HTTP/1.1" 304 - "http://localhost:3000/" "Mozilla/5.0 (X11; Linux x86_64) AppleWebKit/537.36 (KHTML, like Gecko) Chrome/89.0.4389.114 Safari/537.36"
::1 - - [08/Apr/2021:21:25:28 +0000] "GET /api/v1/restaurants/ HTTP/1.1" 304 - "http://localhost:3000/" "Mozilla/5.0 (X11; Linux x86_64) AppleWebKit/537.36 (KHTML, like Gecko) Chrome/89.0.4389.114 Safari/537.36"
::1 - - [09/Apr/2021:01:43:51 +0000] "GET /api/v1/restaurants/ HTTP/1.1" 304 - "http://localhost:3000/" "Mozilla/5.0 (X11; Linux x86_64) AppleWebKit/537.36 (KHTML, like Gecko) Chrome/89.0.4389.114 Safari/537.36"
::1 - - [09/Apr/2021:01:44:39 +0000] "POST /api/v1/restaurants/ HTTP/1.1" 200 111 "http://localhost:3000/" "Mozilla/5.0 (X11; Linux x86_64) AppleWebKit/537.36 (KHTML, like Gecko) Chrome/89.0.4389.114 Safari/537.36"
::1 - - [09/Apr/2021:01:44:42 +0000] "GET /api/v1/restaurants/12 HTTP/1.1" 200 124 "http://localhost:3000/" "Mozilla/5.0 (X11; Linux x86_64) AppleWebKit/537.36 (KHTML, like Gecko) Chrome/89.0.4389.114 Safari/537.36"
::1 - - [09/Apr/2021:01:44:45 +0000] "GET /api/v1/restaurants/ HTTP/1.1" 200 579 "http://localhost:3000/" "Mozilla/5.0 (X11; Linux x86_64) AppleWebKit/537.36 (KHTML, like Gecko) Chrome/89.0.4389.114 Safari/537.36"
::1 - - [09/Apr/2021:01:44:49 +0000] "GET /api/v1/restaurants/1 HTTP/1.1" 304 - "http://localhost:3000/" "Mozilla/5.0 (X11; Linux x86_64) AppleWebKit/537.36 (KHTML, like Gecko) Chrome/89.0.4389.114 Safari/537.36"
::1 - - [09/Apr/2021:01:45:33 +0000] "POST /api/v1/restaurants/1/addReview HTTP/1.1" 200 146 "http://localhost:3000/" "Mozilla/5.0 (X11; Linux x86_64) AppleWebKit/537.36 (KHTML, like Gecko) Chrome/89.0.4389.114 Safari/537.36"
::1 - - [09/Apr/2021:01:45:33 +0000] "GET /api/v1/restaurants/ HTTP/1.1" 304 - "http://localhost:3000/" "Mozilla/5.0 (X11; Linux x86_64) AppleWebKit/537.36 (KHTML, like Gecko) Chrome/89.0.4389.114 Safari/537.36"
::1 - - [09/Apr/2021:01:45:33 +0000] "GET /api/v1/restaurants/1 HTTP/1.1" 200 317 "http://localhost:3000/" "Mozilla/5.0 (X11; Linux x86_64) AppleWebKit/537.36 (KHTML, like Gecko) Chrome/89.0.4389.114 Safari/537.36"
::1 - - [09/Apr/2021:01:45:39 +0000] "GET /api/v1/restaurants/ HTTP/1.1" 304 - "http://localhost:3000/" "Mozilla/5.0 (X11; Linux x86_64) AppleWebKit/537.36 (KHTML, like Gecko) Chrome/89.0.4389.114 Safari/537.36"
::1 - - [09/Apr/2021:01:45:42 +0000] "GET /api/v1/restaurants/ HTTP/1.1" 304 - "http://localhost:3000/" "Mozilla/5.0 (X11; Linux x86_64) AppleWebKit/537.36 (KHTML, like Gecko) Chrome/89.0.4389.114 Safari/537.36"
